mode: set
github.com/akalinux/os-file-pooler/CallBackJob.go:17.106,25.2 2 1
github.com/akalinux/os-file-pooler/CallBackJob.go:27.105,29.2 1 0
github.com/akalinux/os-file-pooler/CallBackJob.go:32.43,36.21 4 0
github.com/akalinux/os-file-pooler/CallBackJob.go:36.21,38.3 1 0
github.com/akalinux/os-file-pooler/CallBackJob.go:42.129,46.9 3 1
github.com/akalinux/os-file-pooler/CallBackJob.go:47.53,48.32 1 1
github.com/akalinux/os-file-pooler/CallBackJob.go:49.22,50.34 1 0
github.com/akalinux/os-file-pooler/CallBackJob.go:52.2,54.8 2 1
github.com/akalinux/os-file-pooler/CallBackJob.go:59.108,62.20 3 0
github.com/akalinux/os-file-pooler/CallBackJob.go:62.20,64.3 1 0
github.com/akalinux/os-file-pooler/CallBackJob.go:65.2,67.23 2 0
github.com/akalinux/os-file-pooler/CallBackJob.go:67.23,69.3 1 0
github.com/akalinux/os-file-pooler/CallBackJob.go:71.2,71.8 1 0
github.com/akalinux/os-file-pooler/CallBackJob.go:75.110,78.20 3 1
github.com/akalinux/os-file-pooler/CallBackJob.go:78.20,80.3 1 0
github.com/akalinux/os-file-pooler/CallBackJob.go:81.2,84.8 3 1
github.com/akalinux/os-file-pooler/CallBackJob.go:90.42,93.22 2 1
github.com/akalinux/os-file-pooler/CallBackJob.go:93.22,95.3 1 1
github.com/akalinux/os-file-pooler/ControlJob.go:12.128,14.33 2 1
github.com/akalinux/os-file-pooler/ControlJob.go:14.33,21.3 6 1
github.com/akalinux/os-file-pooler/ControlJob.go:23.2,25.23 3 1
github.com/akalinux/os-file-pooler/ControlJob.go:25.23,30.3 4 0
github.com/akalinux/os-file-pooler/ControlJob.go:32.2,39.51 5 1
github.com/akalinux/os-file-pooler/ControlJob.go:39.51,40.10 1 1
github.com/akalinux/os-file-pooler/ControlJob.go:41.21,43.19 2 1
github.com/akalinux/os-file-pooler/ControlJob.go:43.19,46.13 2 0
github.com/akalinux/os-file-pooler/ControlJob.go:48.4,48.34 1 1
github.com/akalinux/os-file-pooler/ControlJob.go:48.34,50.5 1 0
github.com/akalinux/os-file-pooler/ControlJob.go:51.4,56.61 3 1
github.com/akalinux/os-file-pooler/ControlJob.go:57.11,59.10 1 1
github.com/akalinux/os-file-pooler/ControlJob.go:63.2,63.8 1 0
github.com/akalinux/os-file-pooler/ControlJob.go:68.107,70.2 1 0
github.com/akalinux/os-file-pooler/ControlJob.go:73.109,79.19 6 1
github.com/akalinux/os-file-pooler/ControlJob.go:79.19,82.40 3 1
github.com/akalinux/os-file-pooler/ControlJob.go:82.40,83.101 1 0
github.com/akalinux/os-file-pooler/ControlJob.go:85.3,86.47 2 1
github.com/akalinux/os-file-pooler/ControlJob.go:88.2,88.8 1 1
github.com/akalinux/os-file-pooler/ControlJob.go:92.41,95.2 2 0
github.com/akalinux/os-file-pooler/ControlJob.go:102.34,106.2 1 1
github.com/akalinux/os-file-pooler/Pool.go:17.38,20.14 3 0
github.com/akalinux/os-file-pooler/Pool.go:20.14,22.3 1 0
github.com/akalinux/os-file-pooler/Pool.go:25.2,28.35 3 0
github.com/akalinux/os-file-pooler/Pool.go:28.35,31.3 1 0
github.com/akalinux/os-file-pooler/Pool.go:33.2,33.12 1 0
github.com/akalinux/os-file-pooler/Pool.go:36.30,39.14 3 0
github.com/akalinux/os-file-pooler/Pool.go:39.14,41.3 1 0
github.com/akalinux/os-file-pooler/Pool.go:42.2,42.35 1 0
github.com/akalinux/os-file-pooler/Pool.go:42.35,44.3 1 0
github.com/akalinux/os-file-pooler/Pool.go:45.2,45.12 1 0
github.com/akalinux/os-file-pooler/Pool.go:55.39,57.2 1 0
github.com/akalinux/os-file-pooler/Pool.go:59.53,60.18 1 0
github.com/akalinux/os-file-pooler/Pool.go:60.18,62.3 1 0
github.com/akalinux/os-file-pooler/Pool.go:63.2,63.21 1 0
github.com/akalinux/os-file-pooler/Pool.go:63.21,65.3 1 0
github.com/akalinux/os-file-pooler/Pool.go:67.2,67.24 1 0
github.com/akalinux/os-file-pooler/Pool.go:67.24,69.3 1 0
github.com/akalinux/os-file-pooler/Pool.go:70.2,83.25 7 0
github.com/akalinux/os-file-pooler/Pool.go:83.25,85.15 2 0
github.com/akalinux/os-file-pooler/Pool.go:85.15,88.4 2 0
github.com/akalinux/os-file-pooler/Pool.go:89.3,92.14 4 0
github.com/akalinux/os-file-pooler/Pool.go:95.2,95.18 1 0
github.com/akalinux/os-file-pooler/Worker.go:53.62,56.14 3 1
github.com/akalinux/os-file-pooler/Worker.go:56.14,58.3 1 0
github.com/akalinux/os-file-pooler/Worker.go:59.2,65.8 2 1
github.com/akalinux/os-file-pooler/Worker.go:67.58,70.2 1 1
github.com/akalinux/os-file-pooler/Worker.go:71.99,92.2 4 1
github.com/akalinux/os-file-pooler/Worker.go:94.44,97.2 2 1
github.com/akalinux/os-file-pooler/Worker.go:99.39,102.14 3 1
github.com/akalinux/os-file-pooler/Worker.go:102.14,104.3 1 0
github.com/akalinux/os-file-pooler/Worker.go:105.2,106.16 2 1
github.com/akalinux/os-file-pooler/Worker.go:106.16,108.3 1 0
github.com/akalinux/os-file-pooler/Worker.go:109.2,109.8 1 1
github.com/akalinux/os-file-pooler/Worker.go:112.24,114.16 1 1
github.com/akalinux/os-file-pooler/Worker.go:114.16,117.15 3 1
github.com/akalinux/os-file-pooler/Worker.go:117.15,118.12 1 0
github.com/akalinux/os-file-pooler/Worker.go:120.3,120.51 1 1
github.com/akalinux/os-file-pooler/Worker.go:124.36,128.14 3 1
github.com/akalinux/os-file-pooler/Worker.go:128.14,130.3 1 0
github.com/akalinux/os-file-pooler/Worker.go:131.2,133.12 2 1
github.com/akalinux/os-file-pooler/Worker.go:136.90,139.18 3 1
github.com/akalinux/os-file-pooler/Worker.go:139.18,142.3 2 1
github.com/akalinux/os-file-pooler/Worker.go:145.2,158.8 10 1
github.com/akalinux/os-file-pooler/Worker.go:161.71,164.2 2 1
github.com/akalinux/os-file-pooler/Worker.go:166.63,175.36 6 1
github.com/akalinux/os-file-pooler/Worker.go:175.36,179.17 3 1
github.com/akalinux/os-file-pooler/Worker.go:179.17,182.4 1 1
github.com/akalinux/os-file-pooler/Worker.go:184.2,184.16 1 1
github.com/akalinux/os-file-pooler/Worker.go:184.16,186.41 2 1
github.com/akalinux/os-file-pooler/Worker.go:186.41,188.4 1 1
github.com/akalinux/os-file-pooler/Worker.go:189.8,191.3 1 1
github.com/akalinux/os-file-pooler/Worker.go:194.45,197.2 2 1
github.com/akalinux/os-file-pooler/Worker.go:199.78,207.32 7 1
github.com/akalinux/os-file-pooler/Worker.go:207.32,215.17 8 1
github.com/akalinux/os-file-pooler/Worker.go:215.17,217.11 1 1
github.com/akalinux/os-file-pooler/Worker.go:218.28,222.13 2 1
github.com/akalinux/os-file-pooler/Worker.go:223.30,225.13 2 0
github.com/akalinux/os-file-pooler/Worker.go:228.4,228.67 1 0
github.com/akalinux/os-file-pooler/Worker.go:228.67,230.13 2 0
github.com/akalinux/os-file-pooler/Worker.go:231.10,234.5 2 0
github.com/akalinux/os-file-pooler/Worker.go:236.9,238.4 1 1
github.com/akalinux/os-file-pooler/Worker.go:239.3,239.17 1 1
github.com/akalinux/os-file-pooler/Worker.go:239.17,242.12 2 0
github.com/akalinux/os-file-pooler/Worker.go:244.3,248.19 5 1
github.com/akalinux/os-file-pooler/Worker.go:248.19,249.18 1 0
github.com/akalinux/os-file-pooler/Worker.go:249.18,250.26 1 0
github.com/akalinux/os-file-pooler/Worker.go:250.26,252.6 1 0
github.com/akalinux/os-file-pooler/Worker.go:253.10,255.5 1 0
github.com/akalinux/os-file-pooler/Worker.go:259.2,259.19 1 1
github.com/akalinux/os-file-pooler/Worker.go:262.32,265.14 3 1
github.com/akalinux/os-file-pooler/Worker.go:265.14,269.3 2 1
github.com/akalinux/os-file-pooler/Worker.go:272.2,272.24 1 1
github.com/akalinux/os-file-pooler/Worker.go:275.46,276.14 1 1
github.com/akalinux/os-file-pooler/Worker.go:276.14,278.3 1 0
github.com/akalinux/os-file-pooler/Worker.go:278.8,282.3 3 1
github.com/akalinux/os-file-pooler/Worker.go:284.2,284.8 1 1
github.com/akalinux/os-file-pooler/Worker.go:286.49,287.14 1 1
github.com/akalinux/os-file-pooler/Worker.go:287.14,289.3 1 0
github.com/akalinux/os-file-pooler/Worker.go:289.8,290.10 1 1
github.com/akalinux/os-file-pooler/Worker.go:292.33,294.20 2 1
github.com/akalinux/os-file-pooler/Worker.go:295.11,296.22 1 1
github.com/akalinux/os-file-pooler/Worker.go:300.2,300.8 1 1
